<?xml version="1.0" encoding="UTF-8"?>
<!-- Generated by org.testng.reporters.JUnitReportReporter -->
<testsuite hostname="W10-VWKS-1" failures="0" tests="1" name="org.example.eCommerce_Problem1" time="18.608" errors="0" timestamp="2023-02-08T22:58:20 GMT-08:00" skipped="0">
  <testcase classname="org.example.eCommerce_Problem1" name="FillForm_ErrorValidation" time="18.608"/>
  <system-out/>
</testsuite> <!-- org.example.eCommerce_Problem1 -->
